This is pdfTeX, Version 3.14159265-2.6-1.40.18 (TeX Live 2017) (preloaded format=pdflatex 2017.5.23)  26 DEC 2017 05:03
entering extended mode
 restricted \write18 enabled.
 file:line:error style messages enabled.
 %&-line parsing enabled.
**"A study of the spherical coordinates parameterization method's performance o
n constrained optimization problems.tex"

(./A study of the spherical coordinates parameterization method's performance o
n constrained optimization problems.tex
LaTeX2e <2017-04-15>
Babel <3.10> and hyphenation patterns for 84 language(s) loaded.
(/usr/local/texlive/2017/texmf-dist/tex/latex/base/article.cls
Document Class: article 2014/09/29 v1.4h Standard LaTeX document class
(/usr/local/texlive/2017/texmf-dist/tex/latex/base/size12.clo
File: size12.clo 2014/09/29 v1.4h Standard LaTeX file (size option)
)
\c@part=\count79
\c@section=\count80
\c@subsection=\count81
\c@subsubsection=\count82
\c@paragraph=\count83
\c@subparagraph=\count84
\c@figure=\count85
\c@table=\count86
\abovecaptionskip=\skip41
\belowcaptionskip=\skip42
\bibindent=\dimen102
)
(/usr/local/texlive/2017/texmf-dist/tex/latex/amsmath/amsmath.sty
Package: amsmath 2016/11/05 v2.16a AMS math features
\@mathmargin=\skip43

For additional information on amsmath, use the `?' option.
(/usr/local/texlive/2017/texmf-dist/tex/latex/amsmath/amstext.sty
Package: amstext 2000/06/29 v2.01 AMS text

(/usr/local/texlive/2017/texmf-dist/tex/latex/amsmath/amsgen.sty
File: amsgen.sty 1999/11/30 v2.0 generic functions
\@emptytoks=\toks14
\ex@=\dimen103
))
(/usr/local/texlive/2017/texmf-dist/tex/latex/amsmath/amsbsy.sty
Package: amsbsy 1999/11/29 v1.2d Bold Symbols
\pmbraise@=\dimen104
)
(/usr/local/texlive/2017/texmf-dist/tex/latex/amsmath/amsopn.sty
Package: amsopn 2016/03/08 v2.02 operator names
)
\inf@bad=\count87
LaTeX Info: Redefining \frac on input line 213.
\uproot@=\count88
\leftroot@=\count89
LaTeX Info: Redefining \overline on input line 375.
\classnum@=\count90
\DOTSCASE@=\count91
LaTeX Info: Redefining \ldots on input line 472.
LaTeX Info: Redefining \dots on input line 475.
LaTeX Info: Redefining \cdots on input line 596.
\Mathstrutbox@=\box26
\strutbox@=\box27
\big@size=\dimen105
LaTeX Font Info:    Redeclaring font encoding OML on input line 712.
LaTeX Font Info:    Redeclaring font encoding OMS on input line 713.
\macc@depth=\count92
\c@MaxMatrixCols=\count93
\dotsspace@=\muskip10
\c@parentequation=\count94
\dspbrk@lvl=\count95
\tag@help=\toks15
\row@=\count96
\column@=\count97
\maxfields@=\count98
\andhelp@=\toks16
\eqnshift@=\dimen106
\alignsep@=\dimen107
\tagshift@=\dimen108
\tagwidth@=\dimen109
\totwidth@=\dimen110
\lineht@=\dimen111
\@envbody=\toks17
\multlinegap=\skip44
\multlinetaggap=\skip45
\mathdisplay@stack=\toks18
LaTeX Info: Redefining \[ on input line 2817.
LaTeX Info: Redefining \] on input line 2818.
)
(/usr/local/texlive/2017/texmf-dist/tex/latex/url/url.sty
\Urlmuskip=\muskip11
Package: url 2013/09/16  ver 3.4  Verb mode for urls, etc.
)
(/usr/local/texlive/2017/texmf-dist/tex/latex/amsfonts/amssymb.sty
Package: amssymb 2013/01/14 v3.01 AMS font symbols

(/usr/local/texlive/2017/texmf-dist/tex/latex/amsfonts/amsfonts.sty
Package: amsfonts 2013/01/14 v3.01 Basic AMSFonts support
\symAMSa=\mathgroup4
\symAMSb=\mathgroup5
LaTeX Font Info:    Overwriting math alphabet `\mathfrak' in version `bold'
(Font)                  U/euf/m/n --> U/euf/b/n on input line 106.
))
(/usr/local/texlive/2017/texmf-dist/tex/latex/graphics/graphicx.sty
Package: graphicx 2014/10/28 v1.0g Enhanced LaTeX Graphics (DPC,SPQR)

(/usr/local/texlive/2017/texmf-dist/tex/latex/graphics/keyval.sty
Package: keyval 2014/10/28 v1.15 key=value parser (DPC)
\KV@toks@=\toks19
)
(/usr/local/texlive/2017/texmf-dist/tex/latex/graphics/graphics.sty
Package: graphics 2017/04/14 v1.1b Standard LaTeX Graphics (DPC,SPQR)

(/usr/local/texlive/2017/texmf-dist/tex/latex/graphics/trig.sty
Package: trig 2016/01/03 v1.10 sin cos tan (DPC)
)
(/usr/local/texlive/2017/texmf-dist/tex/latex/graphics-cfg/graphics.cfg
File: graphics.cfg 2016/06/04 v1.11 sample graphics configuration
)
Package graphics Info: Driver file: pdftex.def on input line 99.

(/usr/local/texlive/2017/texmf-dist/tex/latex/graphics-def/pdftex.def
File: pdftex.def 2017/01/12 v0.06k Graphics/color for pdfTeX

(/usr/local/texlive/2017/texmf-dist/tex/generic/oberdiek/infwarerr.sty
Package: infwarerr 2016/05/16 v1.4 Providing info/warning/error messages (HO)
)
(/usr/local/texlive/2017/texmf-dist/tex/generic/oberdiek/ltxcmds.sty
Package: ltxcmds 2016/05/16 v1.23 LaTeX kernel commands for general use (HO)
)
\Gread@gobject=\count99
))
\Gin@req@height=\dimen112
\Gin@req@width=\dimen113
)
(/usr/local/texlive/2017/texmf-dist/tex/latex/setspace/setspace.sty
Package: setspace 2011/12/19 v6.7a set line spacing
)
(/usr/local/texlive/2017/texmf-dist/tex/latex/enumitem/enumitem.sty
Package: enumitem 2011/09/28 v3.5.2 Customized lists
\labelindent=\skip46
\enit@outerparindent=\dimen114
\enit@toks=\toks20
\enit@inbox=\box28
\enitdp@description=\count100
)
(/usr/local/texlive/2017/texmf-dist/tex/latex/titlesec/titlesec.sty
Package: titlesec 2016/03/21 v2.10.2 Sectioning titles
\ttl@box=\box29
\beforetitleunit=\skip47
\aftertitleunit=\skip48
\ttl@plus=\dimen115
\ttl@minus=\dimen116
\ttl@toksa=\toks21
\titlewidth=\dimen117
\titlewidthlast=\dimen118
\titlewidthfirst=\dimen119
)
(/usr/local/texlive/2017/texmf-dist/tex/latex/tools/calc.sty
Package: calc 2014/10/28 v4.3 Infix arithmetic (KKT,FJ)
\calc@Acount=\count101
\calc@Bcount=\count102
\calc@Adimen=\dimen120
\calc@Bdimen=\dimen121
\calc@Askip=\skip49
\calc@Bskip=\skip50
LaTeX Info: Redefining \setlength on input line 80.
LaTeX Info: Redefining \addtolength on input line 81.
\calc@Ccount=\count103
\calc@Cskip=\skip51
)
(/usr/local/texlive/2017/texmf-dist/tex/latex/mathtools/mathtools.sty
Package: mathtools 2015/11/12 v1.18 mathematical typesetting tools

(/usr/local/texlive/2017/texmf-dist/tex/latex/mathtools/mhsetup.sty
Package: mhsetup 2010/01/21 v1.2a programming setup (MH)
)
LaTeX Info: Thecontrolsequence`\('isalreadyrobust on input line 129.
LaTeX Info: Thecontrolsequence`\)'isalreadyrobust on input line 129.
LaTeX Info: Thecontrolsequence`\['isalreadyrobust on input line 129.
LaTeX Info: Thecontrolsequence`\]'isalreadyrobust on input line 129.
\g_MT_multlinerow_int=\count104
\l_MT_multwidth_dim=\dimen122
\origjot=\skip52
\l_MT_shortvdotswithinadjustabove_dim=\dimen123
\l_MT_shortvdotswithinadjustbelow_dim=\dimen124
\l_MT_above_intertext_sep=\dimen125
\l_MT_below_intertext_sep=\dimen126
\l_MT_above_shortintertext_sep=\dimen127
\l_MT_below_shortintertext_sep=\dimen128
)
(/usr/local/texlive/2017/texmf-dist/tex/latex/jknapltx/mathrsfs.sty
Package: mathrsfs 1996/01/01 Math RSFS package v1.0 (jk)
\symrsfs=\mathgroup6
)
(/usr/local/texlive/2017/texmf-dist/tex/latex/algorithms/algorithm.sty
Package: algorithm 2009/08/24 v0.1 Document Style `algorithm' - floating enviro
nment

(/usr/local/texlive/2017/texmf-dist/tex/latex/float/float.sty
Package: float 2001/11/08 v1.3d Float enhancements (AL)
\c@float@type=\count105
\float@exts=\toks22
\float@box=\box30
\@float@everytoks=\toks23
\@floatcapt=\box31
)
(/usr/local/texlive/2017/texmf-dist/tex/latex/base/ifthen.sty
Package: ifthen 2014/09/29 v1.1c Standard LaTeX ifthen package (DPC)
)
\@float@every@algorithm=\toks24
\c@algorithm=\count106
)
(/usr/local/texlive/2017/texmf-dist/tex/latex/algorithms/algorithmic.sty
Package: algorithmic 2009/08/24 v0.1 Document Style `algorithmic'
\c@ALC@unique=\count107
\c@ALC@line=\count108
\c@ALC@rem=\count109
\c@ALC@depth=\count110
\ALC@tlm=\skip53
\algorithmicindent=\skip54
)
(/usr/local/texlive/2017/texmf-dist/tex/latex/fancybox/fancybox.sty
Package: fancybox 2010/05/15 1.4

Style option: `fancybox' v1.4 <2010/05/15> (tvz)
\@fancybox=\box32
\shadowsize=\dimen129
\@Sbox=\box33
\do@VerbBox=\toks25
\the@fancyput=\toks26
\this@fancyput=\toks27
\EndVerbatimTokens=\toks28
\Verbatim@Outfile=\write3
\Verbatim@Infile=\read1
) (/usr/local/texlive/2017/texmf-dist/tex/latex/makecell/makecell.sty
Package: makecell 2009/08/03 V0.1e Managing of Tab Column Heads and Cells

(/usr/local/texlive/2017/texmf-dist/tex/latex/tools/array.sty
Package: array 2016/10/06 v2.4d Tabular extension package (FMi)
\col@sep=\dimen130
\extrarowheight=\dimen131
\NC@list=\toks29
\extratabsurround=\skip55
\backup@length=\skip56
)
\rotheadsize=\dimen132
\c@nlinenum=\count111
\TeXr@lab=\toks30
)
(/usr/local/texlive/2017/texmf-dist/tex/latex/bbm-macros/bbm.sty
Package: bbm 1999/03/15 V 1.2 provides fonts for set symbols - TH
LaTeX Font Info:    Overwriting math alphabet `\mathbbm' in version `bold'
(Font)                  U/bbm/m/n --> U/bbm/bx/n on input line 33.
LaTeX Font Info:    Overwriting math alphabet `\mathbbmss' in version `bold'
(Font)                  U/bbmss/m/n --> U/bbmss/bx/n on input line 35.
)
(/usr/local/texlive/2017/texmf-dist/tex/latex/amscls/amsthm.sty
Package: amsthm 2015/03/04 v2.20.2
\thm@style=\toks31
\thm@bodyfont=\toks32
\thm@headfont=\toks33
\thm@notefont=\toks34
\thm@headpunct=\toks35
\thm@preskip=\skip57
\thm@postskip=\skip58
\thm@headsep=\skip59
\dth@everypar=\toks36
)
(/usr/local/texlive/2017/texmf-dist/tex/latex/cite/cite.sty
LaTeX Info: Redefining \cite on input line 302.
LaTeX Info: Redefining \nocite on input line 332.
Package: cite 2015/02/27  v 5.5
)
(/usr/local/texlive/2017/texmf-dist/tex/latex/preprint/authblk.sty
Package: authblk 2001/02/27 1.3 (PWD)
\affilsep=\skip60
\@affilsep=\skip61
\c@Maxaffil=\count112
\c@authors=\count113
\c@affil=\count114
)
(./A study of the spherical coordinates parameterization method's performance o
n constrained optimization problems.aux

LaTeX Warning: Label `fig:exp_cost_sphe' multiply defined.


LaTeX Warning: Label `fig:poly_result' multiply defined.


LaTeX Warning: Label `eq:sphe_poly_a' multiply defined.


LaTeX Warning: Label `eq:sphe_poly_b' multiply defined.


LaTeX Warning: Label `fig:polynomial_est_res_sphe' multiply defined.

)
\openout1 = `"A study of the spherical coordinates parameterization method's pe
rformance on constrained optimization problems.aux"'.

LaTeX Font Info:    Checking defaults for OML/cmm/m/it on input line 38.
LaTeX Font Info:    ... okay on input line 38.
LaTeX Font Info:    Checking defaults for T1/cmr/m/n on input line 38.
LaTeX Font Info:    ... okay on input line 38.
LaTeX Font Info:    Checking defaults for OT1/cmr/m/n on input line 38.
LaTeX Font Info:    ... okay on input line 38.
LaTeX Font Info:    Checking defaults for OMS/cmsy/m/n on input line 38.
LaTeX Font Info:    ... okay on input line 38.
LaTeX Font Info:    Checking defaults for OMX/cmex/m/n on input line 38.
LaTeX Font Info:    ... okay on input line 38.
LaTeX Font Info:    Checking defaults for U/cmr/m/n on input line 38.
LaTeX Font Info:    ... okay on input line 38.
 (/usr/local/texlive/2017/texmf-dist/tex/context/base/mkii/supp-pdf.mkii
[Loading MPS to PDF converter (version 2006.09.02).]
\scratchcounter=\count115
\scratchdimen=\dimen133
\scratchbox=\box34
\nofMPsegments=\count116
\nofMParguments=\count117
\everyMPshowfont=\toks37
\MPscratchCnt=\count118
\MPscratchDim=\dimen134
\MPnumerator=\count119
\makeMPintoPDFobject=\count120
\everyMPtoPDFconversion=\toks38
) (/usr/local/texlive/2017/texmf-dist/tex/generic/oberdiek/pdftexcmds.sty
Package: pdftexcmds 2017/03/19 v0.25 Utility functions of pdfTeX for LuaTeX (HO
)

(/usr/local/texlive/2017/texmf-dist/tex/generic/oberdiek/ifluatex.sty
Package: ifluatex 2016/05/16 v1.4 Provides the ifluatex switch (HO)
Package ifluatex Info: LuaTeX not detected.
)
(/usr/local/texlive/2017/texmf-dist/tex/generic/oberdiek/ifpdf.sty
Package: ifpdf 2017/03/15 v3.2 Provides the ifpdf switch
)
Package pdftexcmds Info: LuaTeX not detected.
Package pdftexcmds Info: \pdf@primitive is available.
Package pdftexcmds Info: \pdf@ifprimitive is available.
Package pdftexcmds Info: \pdfdraftmode found.
)
(/usr/local/texlive/2017/texmf-dist/tex/latex/oberdiek/epstopdf-base.sty
Package: epstopdf-base 2016/05/15 v2.6 Base part for package epstopdf

(/usr/local/texlive/2017/texmf-dist/tex/latex/oberdiek/grfext.sty
Package: grfext 2016/05/16 v1.2 Manage graphics extensions (HO)

(/usr/local/texlive/2017/texmf-dist/tex/generic/oberdiek/kvdefinekeys.sty
Package: kvdefinekeys 2016/05/16 v1.4 Define keys (HO)
))
(/usr/local/texlive/2017/texmf-dist/tex/latex/oberdiek/kvoptions.sty
Package: kvoptions 2016/05/16 v3.12 Key value format for package options (HO)

(/usr/local/texlive/2017/texmf-dist/tex/generic/oberdiek/kvsetkeys.sty
Package: kvsetkeys 2016/05/16 v1.17 Key value parser (HO)

(/usr/local/texlive/2017/texmf-dist/tex/generic/oberdiek/etexcmds.sty
Package: etexcmds 2016/05/16 v1.6 Avoid name clashes with e-TeX commands (HO)
Package etexcmds Info: Could not find \expanded.
(etexcmds)             That can mean that you are not using pdfTeX 1.50 or
(etexcmds)             that some package has redefined \expanded.
(etexcmds)             In the latter case, load this package earlier.
)))
Package epstopdf-base Info: Redefining graphics rule for `.eps' on input line 4
38.
Package grfext Info: Graphics extension search list:
(grfext)             [.png,.pdf,.jpg,.mps,.jpeg,.jbig2,.jb2,.PNG,.PDF,.JPG,.JPE
G,.JBIG2,.JB2,.eps]
(grfext)             \AppendGraphicsExtensions on input line 456.

(/usr/local/texlive/2017/texmf-dist/tex/latex/latexconfig/epstopdf-sys.cfg
File: epstopdf-sys.cfg 2010/07/13 v1.3 Configuration of (r)epstopdf for TeX Liv
e
))
LaTeX Font Info:    Try loading font information for U+msa on input line 46.

(/usr/local/texlive/2017/texmf-dist/tex/latex/amsfonts/umsa.fd
File: umsa.fd 2013/01/14 v3.01 AMS symbols A
)
LaTeX Font Info:    Try loading font information for U+msb on input line 46.

(/usr/local/texlive/2017/texmf-dist/tex/latex/amsfonts/umsb.fd
File: umsb.fd 2013/01/14 v3.01 AMS symbols B
)
LaTeX Font Info:    Try loading font information for U+rsfs on input line 46.

(/usr/local/texlive/2017/texmf-dist/tex/latex/jknapltx/ursfs.fd
File: ursfs.fd 1998/03/24 rsfs font definition file (jk)
)
Underfull \hbox (badness 10000) in paragraph at lines 46--47

 []


Underfull \hbox (badness 10000) in paragraph at lines 51--52

 []

[1

{/usr/local/texlive/2017/texmf-var/fonts/map/pdftex/updmap/pdftex.map}]
Underfull \hbox (badness 10000) in paragraph at lines 63--65

 []


Underfull \hbox (badness 10000) in paragraph at lines 71--73

 []

LaTeX Font Info:    Try loading font information for U+bbm on input line 77.
(/usr/local/texlive/2017/texmf-dist/tex/latex/bbm-macros/ubbm.fd
File: ubbm.fd 1999/03/15 V 1.2 Font definition for bbm font - TH
)
Underfull \hbox (badness 10000) in paragraph at lines 78--80

 []


Overfull \hbox (11.19252pt too wide) detected at line 82
\OMS/cmsy/m/n/12 r\OML/cmm/m/it/12 J[]\OT1/cmr/m/n/12 (\OML/cmm/m/it/12 x[]\OT1
/cmr/m/n/12 ) = \OMS/cmsy/m/n/12 r[]\OML/cmm/m/it/12 J\OT1/cmr/m/n/12 (\OML/cmm
/m/it/12 x[]\OT1/cmr/m/n/12 ) + \OML/cmm/m/it/12 []\OT1/cmr/m/n/12 (\OML/cmm/m
/it/12 g\OT1/cmr/m/n/12 (\OML/cmm/m/it/12 x[]\OT1/cmr/m/n/12 )[]\OMS/cmsy/m/n/1
2 r\OML/cmm/m/it/12 g\OT1/cmr/m/n/12 (\OML/cmm/m/it/12 x[]\OT1/cmr/m/n/12 )\U/b
bm/m/n/12 1[] \OT1/cmr/m/n/12 + \OML/cmm/m/it/12 g\OT1/cmr/m/n/12 (\OML/cmm/m/i
t/12 x[]\OT1/cmr/m/n/12 )[]\OMS/cmsy/m/n/12 r\OML/cmm/m/it/12 g\OT1/cmr/m/n/12 
(\OML/cmm/m/it/12 x[]\OT1/cmr/m/n/12 )\U/bbm/m/n/12 1[]\OT1/cmr/m/n/12 )
 []


Underfull \hbox (badness 10000) in paragraph at lines 84--85

 []


Underfull \hbox (badness 10000) in paragraph at lines 87--89

 []

[2]
Underfull \hbox (badness 10000) in paragraph at lines 99--115

 []


Underfull \hbox (badness 10000) in paragraph at lines 120--121

 []


Underfull \hbox (badness 10000) in paragraph at lines 133--134

 []

Package epstopdf Info: Source file: <line.eps>
(epstopdf)                    date: 2017-12-25 22:42:13
(epstopdf)                    size: 24513 bytes
(epstopdf)             Output file: <line-eps-converted-to.pdf>
(epstopdf)                    date: 2017-12-25 22:47:24
(epstopdf)                    size: 10980 bytes
(epstopdf)             Command: <repstopdf --outfile=line-eps-converted-to.pdf 
line.eps>
(epstopdf)             \includegraphics on input line 149.
Package epstopdf Info: Output file is already uptodate.
<line-eps-converted-to.pdf, id=23, 578.16pt x 433.62pt>
File: line-eps-converted-to.pdf Graphic file (type pdf)

<use line-eps-converted-to.pdf>
Package pdftex.def Info: line-eps-converted-to.pdf used on input line 149.
(pdftex.def)             Requested size: 390.0pt x 292.4956pt.
 [3]
Underfull \hbox (badness 10000) in paragraph at lines 162--163

 []

Package epstopdf Info: Source file: <line_sphe.eps>
(epstopdf)                    date: 2017-12-25 22:42:15
(epstopdf)                    size: 31442 bytes
(epstopdf)             Output file: <line_sphe-eps-converted-to.pdf>
(epstopdf)                    date: 2017-12-25 22:47:24
(epstopdf)                    size: 15414 bytes
(epstopdf)             Command: <repstopdf --outfile=line_sphe-eps-converted-to
.pdf line_sphe.eps>
(epstopdf)             \includegraphics on input line 178.
Package epstopdf Info: Output file is already uptodate.
<line_sphe-eps-converted-to.pdf, id=28, 578.16pt x 433.62pt>
File: line_sphe-eps-converted-to.pdf Graphic file (type pdf)

<use line_sphe-eps-converted-to.pdf>
Package pdftex.def Info: line_sphe-eps-converted-to.pdf used on input line 178.

(pdftex.def)             Requested size: 390.0pt x 292.4956pt.
 [4 <./line-eps-converted-to.pdf>]
Underfull \hbox (badness 10000) in paragraph at lines 188--189

 []


Underfull \hbox (badness 10000) in paragraph at lines 204--205

 []

Package epstopdf Info: Source file: <line_est.eps>
(epstopdf)                    date: 2017-12-25 22:42:29
(epstopdf)                    size: 41319 bytes
(epstopdf)             Output file: <line_est-eps-converted-to.pdf>
(epstopdf)                    date: 2017-12-25 22:47:25
(epstopdf)                    size: 18956 bytes
(epstopdf)             Command: <repstopdf --outfile=line_est-eps-converted-to.
pdf line_est.eps>
(epstopdf)             \includegraphics on input line 209.
Package epstopdf Info: Output file is already uptodate.
<line_est-eps-converted-to.pdf, id=59, 578.16pt x 433.62pt>
File: line_est-eps-converted-to.pdf Graphic file (type pdf)

<use line_est-eps-converted-to.pdf>
Package pdftex.def Info: line_est-eps-converted-to.pdf used on input line 209.
(pdftex.def)             Requested size: 390.0pt x 292.4956pt.
 [5 <./line_sphe-eps-converted-to.pdf>]
Package epstopdf Info: Source file: <line_est_sphe.eps>
(epstopdf)                    date: 2017-12-25 22:45:49
(epstopdf)                    size: 62182 bytes
(epstopdf)             Output file: <line_est_sphe-eps-converted-to.pdf>
(epstopdf)                    date: 2017-12-25 22:47:25
(epstopdf)                    size: 27153 bytes
(epstopdf)             Command: <repstopdf --outfile=line_est_sphe-eps-converte
d-to.pdf line_est_sphe.eps>
(epstopdf)             \includegraphics on input line 231.
Package epstopdf Info: Output file is already uptodate.

<line_est_sphe-eps-converted-to.pdf, id=95, 578.16pt x 433.62pt>
File: line_est_sphe-eps-converted-to.pdf Graphic file (type pdf)

<use line_est_sphe-eps-converted-to.pdf>
Package pdftex.def Info: line_est_sphe-eps-converted-to.pdf used on input line 
231.
(pdftex.def)             Requested size: 390.0pt x 292.4956pt.

Underfull \hbox (badness 10000) in paragraph at lines 227--237

 []

[6 <./line_est-eps-converted-to.pdf>]
Underfull \hbox (badness 10000) in paragraph at lines 279--280

 []

[7 <./line_est_sphe-eps-converted-to.pdf>]
Underfull \hbox (badness 10000) in paragraph at lines 302--303

 []


Underfull \hbox (badness 10000) in paragraph at lines 308--310

 []


Underfull \hbox (badness 10000) in paragraph at lines 320--321

 []

Package epstopdf Info: Source file: <polynomial.eps>
(epstopdf)                    date: 2017-12-25 23:10:00
(epstopdf)                    size: 26715 bytes
(epstopdf)             Output file: <polynomial-eps-converted-to.pdf>
(epstopdf)                    date: 2017-12-25 23:15:26
(epstopdf)                    size: 12850 bytes
(epstopdf)             Command: <repstopdf --outfile=polynomial-eps-converted-t
o.pdf polynomial.eps>
(epstopdf)             \includegraphics on input line 326.
Package epstopdf Info: Output file is already uptodate.
<polynomial-eps-converted-to.pdf, id=171, 578.16pt x 433.62pt>
File: polynomial-eps-converted-to.pdf Graphic file (type pdf)

<use polynomial-eps-converted-to.pdf>
Package pdftex.def Info: polynomial-eps-converted-to.pdf used on input line 326
.
(pdftex.def)             Requested size: 390.0pt x 292.4956pt.
 [8]
Package epstopdf Info: Source file: <polynomial_sphe.eps>
(epstopdf)                    date: 2017-12-25 23:57:38
(epstopdf)                    size: 33044 bytes
(epstopdf)             Output file: <polynomial_sphe-eps-converted-to.pdf>
(epstopdf)                    date: 2017-12-26 00:01:16
(epstopdf)                    size: 16540 bytes
(epstopdf)             Command: <repstopdf --outfile=polynomial_sphe-eps-conver
ted-to.pdf polynomial_sphe.eps>
(epstopdf)             \includegraphics on input line 339.
Package epstopdf Info: Output file is already uptodate.

<polynomial_sphe-eps-converted-to.pdf, id=175, 578.16pt x 433.62pt>
File: polynomial_sphe-eps-converted-to.pdf Graphic file (type pdf)

<use polynomial_sphe-eps-converted-to.pdf>
Package pdftex.def Info: polynomial_sphe-eps-converted-to.pdf used on input lin
e 339.
(pdftex.def)             Requested size: 390.0pt x 292.4956pt.
 [9 <./polynomial-eps-converted-to.pdf>]
Underfull \hbox (badness 10000) in paragraph at lines 351--352

 []


Underfull \hbox (badness 10000) in paragraph at lines 367--368

 []

Package epstopdf Info: Source file: <polynomial_est.eps>
(epstopdf)                    date: 2017-12-25 23:54:34
(epstopdf)                    size: 25103 bytes
(epstopdf)             Output file: <polynomial_est-eps-converted-to.pdf>
(epstopdf)                    date: 2017-12-26 00:00:51
(epstopdf)                    size: 13156 bytes
(epstopdf)             Command: <repstopdf --outfile=polynomial_est-eps-convert
ed-to.pdf polynomial_est.eps>
(epstopdf)             \includegraphics on input line 372.
Package epstopdf Info: Output file is already uptodate.
<polynomial_est-eps-converted-to.pdf, id=209, 578.16pt x 433.62pt>
File: polynomial_est-eps-converted-to.pdf Graphic file (type pdf)

<use polynomial_est-eps-converted-to.pdf>
Package pdftex.def Info: polynomial_est-eps-converted-to.pdf used on input line
 372.
(pdftex.def)             Requested size: 390.0pt x 292.4956pt.
 [10 <./polynomial_sphe-eps-converted-to.pdf>]
Underfull \hbox (badness 10000) in paragraph at lines 393--394

 []

Package epstopdf Info: Source file: <polynomial_est_sphe.eps>
(epstopdf)                    date: 2017-12-25 23:54:46
(epstopdf)                    size: 41431 bytes
(epstopdf)             Output file: <polynomial_est_sphe-eps-converted-to.pdf>
(epstopdf)                    date: 2017-12-26 00:00:51
(epstopdf)                    size: 20182 bytes
(epstopdf)             Command: <repstopdf --outfile=polynomial_est_sphe-eps-co
nverted-to.pdf polynomial_est_sphe.eps>
(epstopdf)             \includegraphics on input line 400.
Package epstopdf Info: Output file is already uptodate.
<polynomial_est_sphe-eps-converted-to.pdf, id=247, 578.16pt x 433.62pt>
File: polynomial_est_sphe-eps-converted-to.pdf Graphic file (type pdf)

<use polynomial_est_sphe-eps-converted-to.pdf>
Package pdftex.def Info: polynomial_est_sphe-eps-converted-to.pdf used on input
 line 400.
(pdftex.def)             Requested size: 390.0pt x 292.4956pt.
 [11 <./polynomial_est-eps-converted-to.pdf>]
Underfull \hbox (badness 10000) in paragraph at lines 434--435

 []

[12 <./polynomial_est_sphe-eps-converted-to.pdf>]
Underfull \hbox (badness 10000) in paragraph at lines 438--439

 []


Underfull \hbox (badness 10000) in paragraph at lines 444--446

 []


LaTeX Warning: Reference `fig:exp_cost' on page 13 undefined on input line 456.



Underfull \hbox (badness 10000) in paragraph at lines 456--457

 []

Package epstopdf Info: Source file: <exponential.eps>
(epstopdf)                    date: 2017-12-26 02:00:56
(epstopdf)                    size: 34769 bytes
(epstopdf)             Output file: <exponential-eps-converted-to.pdf>
(epstopdf)                    date: 2017-12-26 02:05:44
(epstopdf)                    size: 16973 bytes
(epstopdf)             Command: <repstopdf --outfile=exponential-eps-converted-
to.pdf exponential.eps>
(epstopdf)             \includegraphics on input line 462.
Package epstopdf Info: Output file is already uptodate.
<exponential-eps-converted-to.pdf, id=321, 578.16pt x 433.62pt>
File: exponential-eps-converted-to.pdf Graphic file (type pdf)

<use exponential-eps-converted-to.pdf>
Package pdftex.def Info: exponential-eps-converted-to.pdf used on input line 46
2.
(pdftex.def)             Requested size: 390.0pt x 292.4956pt.
 [13]
Package epstopdf Info: Source file: <exponential_sphe.eps>
(epstopdf)                    date: 2017-12-26 02:01:15
(epstopdf)                    size: 39252 bytes
(epstopdf)             Output file: <exponential_sphe-eps-converted-to.pdf>
(epstopdf)                    date: 2017-12-26 02:05:45
(epstopdf)                    size: 19688 bytes
(epstopdf)             Command: <repstopdf --outfile=exponential_sphe-eps-conve
rted-to.pdf exponential_sphe.eps>
(epstopdf)             \includegraphics on input line 477.
Package epstopdf Info: Output file is already uptodate.

<exponential_sphe-eps-converted-to.pdf, id=326, 578.16pt x 433.62pt>
File: exponential_sphe-eps-converted-to.pdf Graphic file (type pdf)

<use exponential_sphe-eps-converted-to.pdf>
Package pdftex.def Info: exponential_sphe-eps-converted-to.pdf used on input li
ne 477.
(pdftex.def)             Requested size: 390.0pt x 292.4956pt.

Underfull \hbox (badness 10000) in paragraph at lines 481--481
[]\OT1/cmr/m/n/12 Figure 10: The plot of the cost func-tion: $\OML/cmm/m/it/12 
J\OT1/cmr/m/n/12 (\OML/cmm/m/it/12 ^^R\OT1/cmr/m/n/12 ) =
 []

[14 <./exponential-eps-converted-to.pdf>]
Underfull \hbox (badness 10000) in paragraph at lines 490--491

 []


Underfull \hbox (badness 10000) in paragraph at lines 506--507

 []

Package epstopdf Info: Source file: <exp_est.eps>
(epstopdf)                    date: 2017-12-26 04:04:42
(epstopdf)                    size: 24515 bytes
(epstopdf)             Output file: <exp_est-eps-converted-to.pdf>
(epstopdf)                    date: 2017-12-26 04:08:06
(epstopdf)                    size: 13093 bytes
(epstopdf)             Command: <repstopdf --outfile=exp_est-eps-converted-to.p
df exp_est.eps>
(epstopdf)             \includegraphics on input line 511.
Package epstopdf Info: Output file is already uptodate.
<exp_est-eps-converted-to.pdf, id=372, 578.16pt x 433.62pt>
File: exp_est-eps-converted-to.pdf Graphic file (type pdf)

<use exp_est-eps-converted-to.pdf>
Package pdftex.def Info: exp_est-eps-converted-to.pdf used on input line 511.
(pdftex.def)             Requested size: 390.0pt x 292.4956pt.
 [15 <./exponential_sphe-eps-converted-to.pdf>]
Underfull \hbox (badness 10000) in paragraph at lines 529--530

 []

[16 <./exp_est-eps-converted-to.pdf>]
Package epstopdf Info: Source file: <exp_est_sphe.eps>
(epstopdf)                    date: 2017-12-26 04:05:00
(epstopdf)                    size: 42092 bytes
(epstopdf)             Output file: <exp_est_sphe-eps-converted-to.pdf>
(epstopdf)                    date: 2017-12-26 04:08:07
(epstopdf)                    size: 20465 bytes
(epstopdf)             Command: <repstopdf --outfile=exp_est_sphe-eps-converted
-to.pdf exp_est_sphe.eps>
(epstopdf)             \includegraphics on input line 536.
Package epstopdf Info: Output file is already uptodate.

<exp_est_sphe-eps-converted-to.pdf, id=453, 578.16pt x 433.62pt>
File: exp_est_sphe-eps-converted-to.pdf Graphic file (type pdf)

<use exp_est_sphe-eps-converted-to.pdf>
Package pdftex.def Info: exp_est_sphe-eps-converted-to.pdf used on input line 5
36.
(pdftex.def)             Requested size: 390.0pt x 292.4956pt.

Underfull \hbox (badness 10000) in paragraph at lines 571--572

 []


Underfull \hbox (badness 10000) in paragraph at lines 574--575

 []

[17 <./exp_est_sphe-eps-converted-to.pdf>]
Underfull \hbox (badness 10000) in paragraph at lines 582--583

 []


Overfull \hbox (32.85359pt too wide) detected at line 589
[][]
 []

Package epstopdf Info: Source file: <polynomial_est_noise.eps>
(epstopdf)                    date: 2017-12-26 04:23:11
(epstopdf)                    size: 32484 bytes
(epstopdf)             Output file: <polynomial_est_noise-eps-converted-to.pdf>

(epstopdf)                    date: 2017-12-26 04:32:28
(epstopdf)                    size: 16036 bytes
(epstopdf)             Command: <repstopdf --outfile=polynomial_est_noise-eps-c
onverted-to.pdf polynomial_est_noise.eps>
(epstopdf)             \includegraphics on input line 593.
Package epstopdf Info: Output file is already uptodate.
<polynomial_est_noise-eps-converted-to.pdf, id=494, 578.16pt x 433.62pt>
File: polynomial_est_noise-eps-converted-to.pdf Graphic file (type pdf)

<use polynomial_est_noise-eps-converted-to.pdf>
Package pdftex.def Info: polynomial_est_noise-eps-converted-to.pdf used on inpu
t line 593.
(pdftex.def)             Requested size: 390.0pt x 292.4956pt.
 [18]
Package epstopdf Info: Source file: <polynomial_est_sphe_noise.eps>
(epstopdf)                    date: 2017-12-26 04:30:26
(epstopdf)                    size: 71338 bytes
(epstopdf)             Output file: <polynomial_est_sphe_noise-eps-converted-to
.pdf>
(epstopdf)                    date: 2017-12-26 04:32:28
(epstopdf)                    size: 33060 bytes
(epstopdf)             Command: <repstopdf --outfile=polynomial_est_sphe_noise-
eps-converted-to.pdf polynomial_est_sphe_noise.eps>
(epstopdf)             \includegraphics on input line 606.
Package epstopdf Info: Output file is already uptodate.

<polynomial_est_sphe_noise-eps-converted-to.pdf, id=498, 578.16pt x 433.62pt>
File: polynomial_est_sphe_noise-eps-converted-to.pdf Graphic file (type pdf)

<use polynomial_est_sphe_noise-eps-converted-to.pdf>
Package pdftex.def Info: polynomial_est_sphe_noise-eps-converted-to.pdf used on
 input line 606.
(pdftex.def)             Requested size: 390.0pt x 292.4956pt.
 [19 <./polynomial_est_noise-eps-converted-to.pdf>]
Underfull \hbox (badness 10000) in paragraph at lines 613--614

 []


Overfull \hbox (70.23615pt too wide) in paragraph at lines 625--642
 [] 
 []


Underfull \hbox (badness 10000) in paragraph at lines 647--648

 []

[20 <./polynomial_est_sphe_noise-eps-converted-to.pdf>]
No file "A study of the spherical coordinates parameterization method's perform
ance on constrained optimization problems".bbl.
[21]
(./A study of the spherical coordinates parameterization method's performance o
n constrained optimization problems.aux)

LaTeX Warning: There were undefined references.


LaTeX Warning: There were multiply-defined labels.

 ) 
Here is how much of TeX's memory you used:
 4628 strings out of 492995
 67208 string characters out of 6132704
 134074 words of memory out of 5000000
 8060 multiletter control sequences out of 15000+600000
 11599 words of font info for 46 fonts, out of 8000000 for 9000
 1141 hyphenation exceptions out of 8191
 39i,14n,28p,786b,301s stack positions out of 5000i,500n,10000p,200000b,80000s
 </Users/jimmy/Library/texlive/2017/texmf-var/fonts/pk/ljfour/public/bbm/bbm1
2.600pk></usr/local/texlive/2017/texmf-dist/fonts/type1/public/amsfonts/cm/cmbx
10.pfb></usr/local/texlive/2017/texmf-dist/fonts/type1/public/amsfonts/cm/cmbx1
2.pfb></usr/local/texlive/2017/texmf-dist/fonts/type1/public/amsfonts/cm/cmex10
.pfb></usr/local/texlive/2017/texmf-dist/fonts/type1/public/amsfonts/cm/cmmi12.
pfb></usr/local/texlive/2017/texmf-dist/fonts/type1/public/amsfonts/cm/cmmi6.pf
b></usr/local/texlive/2017/texmf-dist/fonts/type1/public/amsfonts/cm/cmmi8.pfb>
</usr/local/texlive/2017/texmf-dist/fonts/type1/public/amsfonts/cm/cmr10.pfb></
usr/local/texlive/2017/texmf-dist/fonts/type1/public/amsfonts/cm/cmr12.pfb></us
r/local/texlive/2017/texmf-dist/fonts/type1/public/amsfonts/cm/cmr17.pfb></usr/
local/texlive/2017/texmf-dist/fonts/type1/public/amsfonts/cm/cmr6.pfb></usr/loc
al/texlive/2017/texmf-dist/fonts/type1/public/amsfonts/cm/cmr8.pfb></usr/local/
texlive/2017/texmf-dist/fonts/type1/public/amsfonts/cm/cmsy10.pfb></usr/local/t
exlive/2017/texmf-dist/fonts/type1/public/amsfonts/cm/cmsy8.pfb></usr/local/tex
live/2017/texmf-dist/fonts/type1/public/amsfonts/symbols/msbm10.pfb>
Output written on "A study of the spherical coordinates parameterization method
's performance on constrained optimization problems.pdf" (21 pages, 379457 byte
s).
PDF statistics:
 628 PDF objects out of 1000 (max. 8388607)
 206 compressed objects within 3 object streams
 0 named destinations out of 1000 (max. 500000)
 71 words of extra memory for PDF output out of 10000 (max. 10000000)

